Copyright 1986-2018 Xilinx, Inc. All Rights Reserved.
---------------------------------------------------------------------------------------------------------------------------------------
| Tool Version : Vivado v.2018.2 (win64) Build 2258646 Thu Jun 14 20:03:12 MDT 2018
| Date         : Sun Dec 27 23:52:25 2020
| Host         : DESKTOP-VJ7SO95 running 64-bit major release  (build 9200)
| Command      : report_drc -file design_2_wrapper_drc_opted.rpt -pb design_2_wrapper_drc_opted.pb -rpx design_2_wrapper_drc_opted.rpx
| Design       : design_2_wrapper
| Device       : xc7z010clg400-1
| Speed File   : -1
| Design State : Synthesized
---------------------------------------------------------------------------------------------------------------------------------------

Report DRC

Table of Contents
-----------------
1. REPORT SUMMARY
2. REPORT DETAILS

1. REPORT SUMMARY
-----------------
            Netlist: netlist
          Floorplan: design_1
      Design limits: <entire design considered>
           Ruledeck: default
             Max violations: <unlimited>
             Violations found: 161
+--------+----------+------------------------+------------+
| Rule   | Severity | Description            | Violations |
+--------+----------+------------------------+------------+
| DPIP-1 | Warning  | Input pipelining       | 80         |
| DPOP-1 | Warning  | PREG Output pipelining | 40         |
| DPOP-2 | Warning  | MREG Output pipelining | 40         |
| ZPS7-1 | Warning  | PS7 block required     | 1          |
+--------+----------+------------------------+------------+

2. REPORT DETAILS
-----------------
DPIP-1#1 Warning
Input pipelining  
DSP design_2_i/filter_top_0/U0/FIR1/FB[0].B/mul_intermediate input design_2_i/filter_top_0/U0/FIR1/FB[0].B/mul_intermediate/A[29:0] is not pipelined. Pipelining DSP48 input will improve performance.
Related violations: <none>

DPIP-1#2 Warning
Input pipelining  
DSP design_2_i/filter_top_0/U0/FIR1/FB[0].B/mul_intermediate input design_2_i/filter_top_0/U0/FIR1/FB[0].B/mul_intermediate/B[17:0] is not pipelined. Pipelining DSP48 input will improve performance.
Related violations: <none>

DPIP-1#3 Warning
Input pipelining  
DSP design_2_i/filter_top_0/U0/FIR1/FB[10].B/mul_intermediate input design_2_i/filter_top_0/U0/FIR1/FB[10].B/mul_intermediate/A[29:0] is not pipelined. Pipelining DSP48 input will improve performance.
Related violations: <none>

DPIP-1#4 Warning
Input pipelining  
DSP design_2_i/filter_top_0/U0/FIR1/FB[10].B/mul_intermediate input design_2_i/filter_top_0/U0/FIR1/FB[10].B/mul_intermediate/B[17:0] is not pipelined. Pipelining DSP48 input will improve performance.
Related violations: <none>

DPIP-1#5 Warning
Input pipelining  
DSP design_2_i/filter_top_0/U0/FIR1/FB[11].B/mul_intermediate input design_2_i/filter_top_0/U0/FIR1/FB[11].B/mul_intermediate/A[29:0] is not pipelined. Pipelining DSP48 input will improve performance.
Related violations: <none>

DPIP-1#6 Warning
Input pipelining  
DSP design_2_i/filter_top_0/U0/FIR1/FB[11].B/mul_intermediate input design_2_i/filter_top_0/U0/FIR1/FB[11].B/mul_intermediate/B[17:0] is not pipelined. Pipelining DSP48 input will improve performance.
Related violations: <none>

DPIP-1#7 Warning
Input pipelining  
DSP design_2_i/filter_top_0/U0/FIR1/FB[12].B/mul_intermediate input design_2_i/filter_top_0/U0/FIR1/FB[12].B/mul_intermediate/A[29:0] is not pipelined. Pipelining DSP48 input will improve performance.
Related violations: <none>

DPIP-1#8 Warning
Input pipelining  
DSP design_2_i/filter_top_0/U0/FIR1/FB[12].B/mul_intermediate input design_2_i/filter_top_0/U0/FIR1/FB[12].B/mul_intermediate/B[17:0] is not pipelined. Pipelining DSP48 input will improve performance.
Related violations: <none>

DPIP-1#9 Warning
Input pipelining  
DSP design_2_i/filter_top_0/U0/FIR1/FB[13].B/mul_intermediate input design_2_i/filter_top_0/U0/FIR1/FB[13].B/mul_intermediate/A[29:0] is not pipelined. Pipelining DSP48 input will improve performance.
Related violations: <none>

DPIP-1#10 Warning
Input pipelining  
DSP design_2_i/filter_top_0/U0/FIR1/FB[13].B/mul_intermediate input design_2_i/filter_top_0/U0/FIR1/FB[13].B/mul_intermediate/B[17:0] is not pipelined. Pipelining DSP48 input will improve performance.
Related violations: <none>

DPIP-1#11 Warning
Input pipelining  
DSP design_2_i/filter_top_0/U0/FIR1/FB[14].B/mul_intermediate input design_2_i/filter_top_0/U0/FIR1/FB[14].B/mul_intermediate/A[29:0] is not pipelined. Pipelining DSP48 input will improve performance.
Related violations: <none>

DPIP-1#12 Warning
Input pipelining  
DSP design_2_i/filter_top_0/U0/FIR1/FB[14].B/mul_intermediate input design_2_i/filter_top_0/U0/FIR1/FB[14].B/mul_intermediate/B[17:0] is not pipelined. Pipelining DSP48 input will improve performance.
Related violations: <none>

DPIP-1#13 Warning
Input pipelining  
DSP design_2_i/filter_top_0/U0/FIR1/FB[15].B/mul_intermediate input design_2_i/filter_top_0/U0/FIR1/FB[15].B/mul_intermediate/A[29:0] is not pipelined. Pipelining DSP48 input will improve performance.
Related violations: <none>

DPIP-1#14 Warning
Input pipelining  
DSP design_2_i/filter_top_0/U0/FIR1/FB[15].B/mul_intermediate input design_2_i/filter_top_0/U0/FIR1/FB[15].B/mul_intermediate/B[17:0] is not pipelined. Pipelining DSP48 input will improve performance.
Related violations: <none>

DPIP-1#15 Warning
Input pipelining  
DSP design_2_i/filter_top_0/U0/FIR1/FB[16].B/mul_intermediate input design_2_i/filter_top_0/U0/FIR1/FB[16].B/mul_intermediate/A[29:0] is not pipelined. Pipelining DSP48 input will improve performance.
Related violations: <none>

DPIP-1#16 Warning
Input pipelining  
DSP design_2_i/filter_top_0/U0/FIR1/FB[16].B/mul_intermediate input design_2_i/filter_top_0/U0/FIR1/FB[16].B/mul_intermediate/B[17:0] is not pipelined. Pipelining DSP48 input will improve performance.
Related violations: <none>

DPIP-1#17 Warning
Input pipelining  
DSP design_2_i/filter_top_0/U0/FIR1/FB[17].B/mul_intermediate input design_2_i/filter_top_0/U0/FIR1/FB[17].B/mul_intermediate/A[29:0] is not pipelined. Pipelining DSP48 input will improve performance.
Related violations: <none>

DPIP-1#18 Warning
Input pipelining  
DSP design_2_i/filter_top_0/U0/FIR1/FB[17].B/mul_intermediate input design_2_i/filter_top_0/U0/FIR1/FB[17].B/mul_intermediate/B[17:0] is not pipelined. Pipelining DSP48 input will improve performance.
Related violations: <none>

DPIP-1#19 Warning
Input pipelining  
DSP design_2_i/filter_top_0/U0/FIR1/FB[18].B/mul_intermediate input design_2_i/filter_top_0/U0/FIR1/FB[18].B/mul_intermediate/A[29:0] is not pipelined. Pipelining DSP48 input will improve performance.
Related violations: <none>

DPIP-1#20 Warning
Input pipelining  
DSP design_2_i/filter_top_0/U0/FIR1/FB[18].B/mul_intermediate input design_2_i/filter_top_0/U0/FIR1/FB[18].B/mul_intermediate/B[17:0] is not pipelined. Pipelining DSP48 input will improve performance.
Related violations: <none>

DPIP-1#21 Warning
Input pipelining  
DSP design_2_i/filter_top_0/U0/FIR1/FB[19].B/mul_intermediate input design_2_i/filter_top_0/U0/FIR1/FB[19].B/mul_intermediate/A[29:0] is not pipelined. Pipelining DSP48 input will improve performance.
Related violations: <none>

DPIP-1#22 Warning
Input pipelining  
DSP design_2_i/filter_top_0/U0/FIR1/FB[19].B/mul_intermediate input design_2_i/filter_top_0/U0/FIR1/FB[19].B/mul_intermediate/B[17:0] is not pipelined. Pipelining DSP48 input will improve performance.
Related violations: <none>

DPIP-1#23 Warning
Input pipelining  
DSP design_2_i/filter_top_0/U0/FIR1/FB[1].B/mul_intermediate input design_2_i/filter_top_0/U0/FIR1/FB[1].B/mul_intermediate/A[29:0] is not pipelined. Pipelining DSP48 input will improve performance.
Related violations: <none>

DPIP-1#24 Warning
Input pipelining  
DSP design_2_i/filter_top_0/U0/FIR1/FB[1].B/mul_intermediate input design_2_i/filter_top_0/U0/FIR1/FB[1].B/mul_intermediate/B[17:0] is not pipelined. Pipelining DSP48 input will improve performance.
Related violations: <none>

DPIP-1#25 Warning
Input pipelining  
DSP design_2_i/filter_top_0/U0/FIR1/FB[20].B/mul_intermediate input design_2_i/filter_top_0/U0/FIR1/FB[20].B/mul_intermediate/A[29:0] is not pipelined. Pipelining DSP48 input will improve performance.
Related violations: <none>

DPIP-1#26 Warning
Input pipelining  
DSP design_2_i/filter_top_0/U0/FIR1/FB[20].B/mul_intermediate input design_2_i/filter_top_0/U0/FIR1/FB[20].B/mul_intermediate/B[17:0] is not pipelined. Pipelining DSP48 input will improve performance.
Related violations: <none>

DPIP-1#27 Warning
Input pipelining  
DSP design_2_i/filter_top_0/U0/FIR1/FB[21].B/mul_intermediate input design_2_i/filter_top_0/U0/FIR1/FB[21].B/mul_intermediate/A[29:0] is not pipelined. Pipelining DSP48 input will improve performance.
Related violations: <none>

DPIP-1#28 Warning
Input pipelining  
DSP design_2_i/filter_top_0/U0/FIR1/FB[21].B/mul_intermediate input design_2_i/filter_top_0/U0/FIR1/FB[21].B/mul_intermediate/B[17:0] is not pipelined. Pipelining DSP48 input will improve performance.
Related violations: <none>

DPIP-1#29 Warning
Input pipelining  
DSP design_2_i/filter_top_0/U0/FIR1/FB[22].B/mul_intermediate input design_2_i/filter_top_0/U0/FIR1/FB[22].B/mul_intermediate/A[29:0] is not pipelined. Pipelining DSP48 input will improve performance.
Related violations: <none>

DPIP-1#30 Warning
Input pipelining  
DSP design_2_i/filter_top_0/U0/FIR1/FB[22].B/mul_intermediate input design_2_i/filter_top_0/U0/FIR1/FB[22].B/mul_intermediate/B[17:0] is not pipelined. Pipelining DSP48 input will improve performance.
Related violations: <none>

DPIP-1#31 Warning
Input pipelining  
DSP design_2_i/filter_top_0/U0/FIR1/FB[23].B/mul_intermediate input design_2_i/filter_top_0/U0/FIR1/FB[23].B/mul_intermediate/A[29:0] is not pipelined. Pipelining DSP48 input will improve performance.
Related violations: <none>

DPIP-1#32 Warning
Input pipelining  
DSP design_2_i/filter_top_0/U0/FIR1/FB[23].B/mul_intermediate input design_2_i/filter_top_0/U0/FIR1/FB[23].B/mul_intermediate/B[17:0] is not pipelined. Pipelining DSP48 input will improve performance.
Related violations: <none>

DPIP-1#33 Warning
Input pipelining  
DSP design_2_i/filter_top_0/U0/FIR1/FB[24].B/mul_intermediate input design_2_i/filter_top_0/U0/FIR1/FB[24].B/mul_intermediate/A[29:0] is not pipelined. Pipelining DSP48 input will improve performance.
Related violations: <none>

DPIP-1#34 Warning
Input pipelining  
DSP design_2_i/filter_top_0/U0/FIR1/FB[24].B/mul_intermediate input design_2_i/filter_top_0/U0/FIR1/FB[24].B/mul_intermediate/B[17:0] is not pipelined. Pipelining DSP48 input will improve performance.
Related violations: <none>

DPIP-1#35 Warning
Input pipelining  
DSP design_2_i/filter_top_0/U0/FIR1/FB[25].B/mul_intermediate input design_2_i/filter_top_0/U0/FIR1/FB[25].B/mul_intermediate/A[29:0] is not pipelined. Pipelining DSP48 input will improve performance.
Related violations: <none>

DPIP-1#36 Warning
Input pipelining  
DSP design_2_i/filter_top_0/U0/FIR1/FB[25].B/mul_intermediate input design_2_i/filter_top_0/U0/FIR1/FB[25].B/mul_intermediate/B[17:0] is not pipelined. Pipelining DSP48 input will improve performance.
Related violations: <none>

DPIP-1#37 Warning
Input pipelining  
DSP design_2_i/filter_top_0/U0/FIR1/FB[26].B/mul_intermediate input design_2_i/filter_top_0/U0/FIR1/FB[26].B/mul_intermediate/A[29:0] is not pipelined. Pipelining DSP48 input will improve performance.
Related violations: <none>

DPIP-1#38 Warning
Input pipelining  
DSP design_2_i/filter_top_0/U0/FIR1/FB[26].B/mul_intermediate input design_2_i/filter_top_0/U0/FIR1/FB[26].B/mul_intermediate/B[17:0] is not pipelined. Pipelining DSP48 input will improve performance.
Related violations: <none>

DPIP-1#39 Warning
Input pipelining  
DSP design_2_i/filter_top_0/U0/FIR1/FB[27].B/mul_intermediate input design_2_i/filter_top_0/U0/FIR1/FB[27].B/mul_intermediate/A[29:0] is not pipelined. Pipelining DSP48 input will improve performance.
Related violations: <none>

DPIP-1#40 Warning
Input pipelining  
DSP design_2_i/filter_top_0/U0/FIR1/FB[27].B/mul_intermediate input design_2_i/filter_top_0/U0/FIR1/FB[27].B/mul_intermediate/B[17:0] is not pipelined. Pipelining DSP48 input will improve performance.
Related violations: <none>

DPIP-1#41 Warning
Input pipelining  
DSP design_2_i/filter_top_0/U0/FIR1/FB[28].B/mul_intermediate input design_2_i/filter_top_0/U0/FIR1/FB[28].B/mul_intermediate/A[29:0] is not pipelined. Pipelining DSP48 input will improve performance.
Related violations: <none>

DPIP-1#42 Warning
Input pipelining  
DSP design_2_i/filter_top_0/U0/FIR1/FB[28].B/mul_intermediate input design_2_i/filter_top_0/U0/FIR1/FB[28].B/mul_intermediate/B[17:0] is not pipelined. Pipelining DSP48 input will improve performance.
Related violations: <none>

DPIP-1#43 Warning
Input pipelining  
DSP design_2_i/filter_top_0/U0/FIR1/FB[29].B/mul_intermediate input design_2_i/filter_top_0/U0/FIR1/FB[29].B/mul_intermediate/A[29:0] is not pipelined. Pipelining DSP48 input will improve performance.
Related violations: <none>

DPIP-1#44 Warning
Input pipelining  
DSP design_2_i/filter_top_0/U0/FIR1/FB[29].B/mul_intermediate input design_2_i/filter_top_0/U0/FIR1/FB[29].B/mul_intermediate/B[17:0] is not pipelined. Pipelining DSP48 input will improve performance.
Related violations: <none>

DPIP-1#45 Warning
Input pipelining  
DSP design_2_i/filter_top_0/U0/FIR1/FB[2].B/mul_intermediate input design_2_i/filter_top_0/U0/FIR1/FB[2].B/mul_intermediate/A[29:0] is not pipelined. Pipelining DSP48 input will improve performance.
Related violations: <none>

DPIP-1#46 Warning
Input pipelining  
DSP design_2_i/filter_top_0/U0/FIR1/FB[2].B/mul_intermediate input design_2_i/filter_top_0/U0/FIR1/FB[2].B/mul_intermediate/B[17:0] is not pipelined. Pipelining DSP48 input will improve performance.
Related violations: <none>

DPIP-1#47 Warning
Input pipelining  
DSP design_2_i/filter_top_0/U0/FIR1/FB[30].B/mul_intermediate input design_2_i/filter_top_0/U0/FIR1/FB[30].B/mul_intermediate/A[29:0] is not pipelined. Pipelining DSP48 input will improve performance.
Related violations: <none>

DPIP-1#48 Warning
Input pipelining  
DSP design_2_i/filter_top_0/U0/FIR1/FB[30].B/mul_intermediate input design_2_i/filter_top_0/U0/FIR1/FB[30].B/mul_intermediate/B[17:0] is not pipelined. Pipelining DSP48 input will improve performance.
Related violations: <none>

DPIP-1#49 Warning
Input pipelining  
DSP design_2_i/filter_top_0/U0/FIR1/FB[31].B/mul_intermediate input design_2_i/filter_top_0/U0/FIR1/FB[31].B/mul_intermediate/A[29:0] is not pipelined. Pipelining DSP48 input will improve performance.
Related violations: <none>

DPIP-1#50 Warning
Input pipelining  
DSP design_2_i/filter_top_0/U0/FIR1/FB[31].B/mul_intermediate input design_2_i/filter_top_0/U0/FIR1/FB[31].B/mul_intermediate/B[17:0] is not pipelined. Pipelining DSP48 input will improve performance.
Related violations: <none>

DPIP-1#51 Warning
Input pipelining  
DSP design_2_i/filter_top_0/U0/FIR1/FB[32].B/mul_intermediate input design_2_i/filter_top_0/U0/FIR1/FB[32].B/mul_intermediate/A[29:0] is not pipelined. Pipelining DSP48 input will improve performance.
Related violations: <none>

DPIP-1#52 Warning
Input pipelining  
DSP design_2_i/filter_top_0/U0/FIR1/FB[32].B/mul_intermediate input design_2_i/filter_top_0/U0/FIR1/FB[32].B/mul_intermediate/B[17:0] is not pipelined. Pipelining DSP48 input will improve performance.
Related violations: <none>

DPIP-1#53 Warning
Input pipelining  
DSP design_2_i/filter_top_0/U0/FIR1/FB[33].B/mul_intermediate input design_2_i/filter_top_0/U0/FIR1/FB[33].B/mul_intermediate/A[29:0] is not pipelined. Pipelining DSP48 input will improve performance.
Related violations: <none>

DPIP-1#54 Warning
Input pipelining  
DSP design_2_i/filter_top_0/U0/FIR1/FB[33].B/mul_intermediate input design_2_i/filter_top_0/U0/FIR1/FB[33].B/mul_intermediate/B[17:0] is not pipelined. Pipelining DSP48 input will improve performance.
Related violations: <none>

DPIP-1#55 Warning
Input pipelining  
DSP design_2_i/filter_top_0/U0/FIR1/FB[34].B/mul_intermediate input design_2_i/filter_top_0/U0/FIR1/FB[34].B/mul_intermediate/A[29:0] is not pipelined. Pipelining DSP48 input will improve performance.
Related violations: <none>

DPIP-1#56 Warning
Input pipelining  
DSP design_2_i/filter_top_0/U0/FIR1/FB[34].B/mul_intermediate input design_2_i/filter_top_0/U0/FIR1/FB[34].B/mul_intermediate/B[17:0] is not pipelined. Pipelining DSP48 input will improve performance.
Related violations: <none>

DPIP-1#57 Warning
Input pipelining  
DSP design_2_i/filter_top_0/U0/FIR1/FB[35].B/mul_intermediate input design_2_i/filter_top_0/U0/FIR1/FB[35].B/mul_intermediate/A[29:0] is not pipelined. Pipelining DSP48 input will improve performance.
Related violations: <none>

DPIP-1#58 Warning
Input pipelining  
DSP design_2_i/filter_top_0/U0/FIR1/FB[35].B/mul_intermediate input design_2_i/filter_top_0/U0/FIR1/FB[35].B/mul_intermediate/B[17:0] is not pipelined. Pipelining DSP48 input will improve performance.
Related violations: <none>

DPIP-1#59 Warning
Input pipelining  
DSP design_2_i/filter_top_0/U0/FIR1/FB[36].B/mul_intermediate input design_2_i/filter_top_0/U0/FIR1/FB[36].B/mul_intermediate/A[29:0] is not pipelined. Pipelining DSP48 input will improve performance.
Related violations: <none>

DPIP-1#60 Warning
Input pipelining  
DSP design_2_i/filter_top_0/U0/FIR1/FB[36].B/mul_intermediate input design_2_i/filter_top_0/U0/FIR1/FB[36].B/mul_intermediate/B[17:0] is not pipelined. Pipelining DSP48 input will improve performance.
Related violations: <none>

DPIP-1#61 Warning
Input pipelining  
DSP design_2_i/filter_top_0/U0/FIR1/FB[37].B/mul_intermediate input design_2_i/filter_top_0/U0/FIR1/FB[37].B/mul_intermediate/A[29:0] is not pipelined. Pipelining DSP48 input will improve performance.
Related violations: <none>

DPIP-1#62 Warning
Input pipelining  
DSP design_2_i/filter_top_0/U0/FIR1/FB[37].B/mul_intermediate input design_2_i/filter_top_0/U0/FIR1/FB[37].B/mul_intermediate/B[17:0] is not pipelined. Pipelining DSP48 input will improve performance.
Related violations: <none>

DPIP-1#63 Warning
Input pipelining  
DSP design_2_i/filter_top_0/U0/FIR1/FB[38].B/mul_intermediate input design_2_i/filter_top_0/U0/FIR1/FB[38].B/mul_intermediate/A[29:0] is not pipelined. Pipelining DSP48 input will improve performance.
Related violations: <none>

DPIP-1#64 Warning
Input pipelining  
DSP design_2_i/filter_top_0/U0/FIR1/FB[38].B/mul_intermediate input design_2_i/filter_top_0/U0/FIR1/FB[38].B/mul_intermediate/B[17:0] is not pipelined. Pipelining DSP48 input will improve performance.
Related violations: <none>

DPIP-1#65 Warning
Input pipelining  
DSP design_2_i/filter_top_0/U0/FIR1/FB[39].B/mul_intermediate input design_2_i/filter_top_0/U0/FIR1/FB[39].B/mul_intermediate/A[29:0] is not pipelined. Pipelining DSP48 input will improve performance.
Related violations: <none>

DPIP-1#66 Warning
Input pipelining  
DSP design_2_i/filter_top_0/U0/FIR1/FB[39].B/mul_intermediate input design_2_i/filter_top_0/U0/FIR1/FB[39].B/mul_intermediate/B[17:0] is not pipelined. Pipelining DSP48 input will improve performance.
Related violations: <none>

DPIP-1#67 Warning
Input pipelining  
DSP design_2_i/filter_top_0/U0/FIR1/FB[3].B/mul_intermediate input design_2_i/filter_top_0/U0/FIR1/FB[3].B/mul_intermediate/A[29:0] is not pipelined. Pipelining DSP48 input will improve performance.
Related violations: <none>

DPIP-1#68 Warning
Input pipelining  
DSP design_2_i/filter_top_0/U0/FIR1/FB[3].B/mul_intermediate input design_2_i/filter_top_0/U0/FIR1/FB[3].B/mul_intermediate/B[17:0] is not pipelined. Pipelining DSP48 input will improve performance.
Related violations: <none>

DPIP-1#69 Warning
Input pipelining  
DSP design_2_i/filter_top_0/U0/FIR1/FB[4].B/mul_intermediate input design_2_i/filter_top_0/U0/FIR1/FB[4].B/mul_intermediate/A[29:0] is not pipelined. Pipelining DSP48 input will improve performance.
Related violations: <none>

DPIP-1#70 Warning
Input pipelining  
DSP design_2_i/filter_top_0/U0/FIR1/FB[4].B/mul_intermediate input design_2_i/filter_top_0/U0/FIR1/FB[4].B/mul_intermediate/B[17:0] is not pipelined. Pipelining DSP48 input will improve performance.
Related violations: <none>

DPIP-1#71 Warning
Input pipelining  
DSP design_2_i/filter_top_0/U0/FIR1/FB[5].B/mul_intermediate input design_2_i/filter_top_0/U0/FIR1/FB[5].B/mul_intermediate/A[29:0] is not pipelined. Pipelining DSP48 input will improve performance.
Related violations: <none>

DPIP-1#72 Warning
Input pipelining  
DSP design_2_i/filter_top_0/U0/FIR1/FB[5].B/mul_intermediate input design_2_i/filter_top_0/U0/FIR1/FB[5].B/mul_intermediate/B[17:0] is not pipelined. Pipelining DSP48 input will improve performance.
Related violations: <none>

DPIP-1#73 Warning
Input pipelining  
DSP design_2_i/filter_top_0/U0/FIR1/FB[6].B/mul_intermediate input design_2_i/filter_top_0/U0/FIR1/FB[6].B/mul_intermediate/A[29:0] is not pipelined. Pipelining DSP48 input will improve performance.
Related violations: <none>

DPIP-1#74 Warning
Input pipelining  
DSP design_2_i/filter_top_0/U0/FIR1/FB[6].B/mul_intermediate input design_2_i/filter_top_0/U0/FIR1/FB[6].B/mul_intermediate/B[17:0] is not pipelined. Pipelining DSP48 input will improve performance.
Related violations: <none>

DPIP-1#75 Warning
Input pipelining  
DSP design_2_i/filter_top_0/U0/FIR1/FB[7].B/mul_intermediate input design_2_i/filter_top_0/U0/FIR1/FB[7].B/mul_intermediate/A[29:0] is not pipelined. Pipelining DSP48 input will improve performance.
Related violations: <none>

DPIP-1#76 Warning
Input pipelining  
DSP design_2_i/filter_top_0/U0/FIR1/FB[7].B/mul_intermediate input design_2_i/filter_top_0/U0/FIR1/FB[7].B/mul_intermediate/B[17:0] is not pipelined. Pipelining DSP48 input will improve performance.
Related violations: <none>

DPIP-1#77 Warning
Input pipelining  
DSP design_2_i/filter_top_0/U0/FIR1/FB[8].B/mul_intermediate input design_2_i/filter_top_0/U0/FIR1/FB[8].B/mul_intermediate/A[29:0] is not pipelined. Pipelining DSP48 input will improve performance.
Related violations: <none>

DPIP-1#78 Warning
Input pipelining  
DSP design_2_i/filter_top_0/U0/FIR1/FB[8].B/mul_intermediate input design_2_i/filter_top_0/U0/FIR1/FB[8].B/mul_intermediate/B[17:0] is not pipelined. Pipelining DSP48 input will improve performance.
Related violations: <none>

DPIP-1#79 Warning
Input pipelining  
DSP design_2_i/filter_top_0/U0/FIR1/FB[9].B/mul_intermediate input design_2_i/filter_top_0/U0/FIR1/FB[9].B/mul_intermediate/A[29:0] is not pipelined. Pipelining DSP48 input will improve performance.
Related violations: <none>

DPIP-1#80 Warning
Input pipelining  
DSP design_2_i/filter_top_0/U0/FIR1/FB[9].B/mul_intermediate input design_2_i/filter_top_0/U0/FIR1/FB[9].B/mul_intermediate/B[17:0] is not pipelined. Pipelining DSP48 input will improve performance.
Related violations: <none>

DPOP-1#1 Warning
PREG Output pipelining  
DSP design_2_i/filter_top_0/U0/FIR1/FB[0].B/mul_intermediate output design_2_i/filter_top_0/U0/FIR1/FB[0].B/mul_intermediate/P[47:0] is not pipelined (PREG=0). Pipelining the DSP48 output will improve performance and often saves power so it is suggested whenever possible to fully pipeline this function.  If this DSP48 function was inferred, it is suggested to describe an additional register stage after this function.  If the DSP48 was instantiated in the design, it is suggested to set the PREG attribute to 1.
Related violations: <none>

DPOP-1#2 Warning
PREG Output pipelining  
DSP design_2_i/filter_top_0/U0/FIR1/FB[10].B/mul_intermediate output design_2_i/filter_top_0/U0/FIR1/FB[10].B/mul_intermediate/P[47:0] is not pipelined (PREG=0). Pipelining the DSP48 output will improve performance and often saves power so it is suggested whenever possible to fully pipeline this function.  If this DSP48 function was inferred, it is suggested to describe an additional register stage after this function.  If the DSP48 was instantiated in the design, it is suggested to set the PREG attribute to 1.
Related violations: <none>

DPOP-1#3 Warning
PREG Output pipelining  
DSP design_2_i/filter_top_0/U0/FIR1/FB[11].B/mul_intermediate output design_2_i/filter_top_0/U0/FIR1/FB[11].B/mul_intermediate/P[47:0] is not pipelined (PREG=0). Pipelining the DSP48 output will improve performance and often saves power so it is suggested whenever possible to fully pipeline this function.  If this DSP48 function was inferred, it is suggested to describe an additional register stage after this function.  If the DSP48 was instantiated in the design, it is suggested to set the PREG attribute to 1.
Related violations: <none>

DPOP-1#4 Warning
PREG Output pipelining  
DSP design_2_i/filter_top_0/U0/FIR1/FB[12].B/mul_intermediate output design_2_i/filter_top_0/U0/FIR1/FB[12].B/mul_intermediate/P[47:0] is not pipelined (PREG=0). Pipelining the DSP48 output will improve performance and often saves power so it is suggested whenever possible to fully pipeline this function.  If this DSP48 function was inferred, it is suggested to describe an additional register stage after this function.  If the DSP48 was instantiated in the design, it is suggested to set the PREG attribute to 1.
Related violations: <none>

DPOP-1#5 Warning
PREG Output pipelining  
DSP design_2_i/filter_top_0/U0/FIR1/FB[13].B/mul_intermediate output design_2_i/filter_top_0/U0/FIR1/FB[13].B/mul_intermediate/P[47:0] is not pipelined (PREG=0). Pipelining the DSP48 output will improve performance and often saves power so it is suggested whenever possible to fully pipeline this function.  If this DSP48 function was inferred, it is suggested to describe an additional register stage after this function.  If the DSP48 was instantiated in the design, it is suggested to set the PREG attribute to 1.
Related violations: <none>

DPOP-1#6 Warning
PREG Output pipelining  
DSP design_2_i/filter_top_0/U0/FIR1/FB[14].B/mul_intermediate output design_2_i/filter_top_0/U0/FIR1/FB[14].B/mul_intermediate/P[47:0] is not pipelined (PREG=0). Pipelining the DSP48 output will improve performance and often saves power so it is suggested whenever possible to fully pipeline this function.  If this DSP48 function was inferred, it is suggested to describe an additional register stage after this function.  If the DSP48 was instantiated in the design, it is suggested to set the PREG attribute to 1.
Related violations: <none>

DPOP-1#7 Warning
PREG Output pipelining  
DSP design_2_i/filter_top_0/U0/FIR1/FB[15].B/mul_intermediate output design_2_i/filter_top_0/U0/FIR1/FB[15].B/mul_intermediate/P[47:0] is not pipelined (PREG=0). Pipelining the DSP48 output will improve performance and often saves power so it is suggested whenever possible to fully pipeline this function.  If this DSP48 function was inferred, it is suggested to describe an additional register stage after this function.  If the DSP48 was instantiated in the design, it is suggested to set the PREG attribute to 1.
Related violations: <none>

DPOP-1#8 Warning
PREG Output pipelining  
DSP design_2_i/filter_top_0/U0/FIR1/FB[16].B/mul_intermediate output design_2_i/filter_top_0/U0/FIR1/FB[16].B/mul_intermediate/P[47:0] is not pipelined (PREG=0). Pipelining the DSP48 output will improve performance and often saves power so it is suggested whenever possible to fully pipeline this function.  If this DSP48 function was inferred, it is suggested to describe an additional register stage after this function.  If the DSP48 was instantiated in the design, it is suggested to set the PREG attribute to 1.
Related violations: <none>

DPOP-1#9 Warning
PREG Output pipelining  
DSP design_2_i/filter_top_0/U0/FIR1/FB[17].B/mul_intermediate output design_2_i/filter_top_0/U0/FIR1/FB[17].B/mul_intermediate/P[47:0] is not pipelined (PREG=0). Pipelining the DSP48 output will improve performance and often saves power so it is suggested whenever possible to fully pipeline this function.  If this DSP48 function was inferred, it is suggested to describe an additional register stage after this function.  If the DSP48 was instantiated in the design, it is suggested to set the PREG attribute to 1.
Related violations: <none>

DPOP-1#10 Warning
PREG Output pipelining  
DSP design_2_i/filter_top_0/U0/FIR1/FB[18].B/mul_intermediate output design_2_i/filter_top_0/U0/FIR1/FB[18].B/mul_intermediate/P[47:0] is not pipelined (PREG=0). Pipelining the DSP48 output will improve performance and often saves power so it is suggested whenever possible to fully pipeline this function.  If this DSP48 function was inferred, it is suggested to describe an additional register stage after this function.  If the DSP48 was instantiated in the design, it is suggested to set the PREG attribute to 1.
Related violations: <none>

DPOP-1#11 Warning
PREG Output pipelining  
DSP design_2_i/filter_top_0/U0/FIR1/FB[19].B/mul_intermediate output design_2_i/filter_top_0/U0/FIR1/FB[19].B/mul_intermediate/P[47:0] is not pipelined (PREG=0). Pipelining the DSP48 output will improve performance and often saves power so it is suggested whenever possible to fully pipeline this function.  If this DSP48 function was inferred, it is suggested to describe an additional register stage after this function.  If the DSP48 was instantiated in the design, it is suggested to set the PREG attribute to 1.
Related violations: <none>

DPOP-1#12 Warning
PREG Output pipelining  
DSP design_2_i/filter_top_0/U0/FIR1/FB[1].B/mul_intermediate output design_2_i/filter_top_0/U0/FIR1/FB[1].B/mul_intermediate/P[47:0] is not pipelined (PREG=0). Pipelining the DSP48 output will improve performance and often saves power so it is suggested whenever possible to fully pipeline this function.  If this DSP48 function was inferred, it is suggested to describe an additional register stage after this function.  If the DSP48 was instantiated in the design, it is suggested to set the PREG attribute to 1.
Related violations: <none>

DPOP-1#13 Warning
PREG Output pipelining  
DSP design_2_i/filter_top_0/U0/FIR1/FB[20].B/mul_intermediate output design_2_i/filter_top_0/U0/FIR1/FB[20].B/mul_intermediate/P[47:0] is not pipelined (PREG=0). Pipelining the DSP48 output will improve performance and often saves power so it is suggested whenever possible to fully pipeline this function.  If this DSP48 function was inferred, it is suggested to describe an additional register stage after this function.  If the DSP48 was instantiated in the design, it is suggested to set the PREG attribute to 1.
Related violations: <none>

DPOP-1#14 Warning
PREG Output pipelining  
DSP design_2_i/filter_top_0/U0/FIR1/FB[21].B/mul_intermediate output design_2_i/filter_top_0/U0/FIR1/FB[21].B/mul_intermediate/P[47:0] is not pipelined (PREG=0). Pipelining the DSP48 output will improve performance and often saves power so it is suggested whenever possible to fully pipeline this function.  If this DSP48 function was inferred, it is suggested to describe an additional register stage after this function.  If the DSP48 was instantiated in the design, it is suggested to set the PREG attribute to 1.
Related violations: <none>

DPOP-1#15 Warning
PREG Output pipelining  
DSP design_2_i/filter_top_0/U0/FIR1/FB[22].B/mul_intermediate output design_2_i/filter_top_0/U0/FIR1/FB[22].B/mul_intermediate/P[47:0] is not pipelined (PREG=0). Pipelining the DSP48 output will improve performance and often saves power so it is suggested whenever possible to fully pipeline this function.  If this DSP48 function was inferred, it is suggested to describe an additional register stage after this function.  If the DSP48 was instantiated in the design, it is suggested to set the PREG attribute to 1.
Related violations: <none>

DPOP-1#16 Warning
PREG Output pipelining  
DSP design_2_i/filter_top_0/U0/FIR1/FB[23].B/mul_intermediate output design_2_i/filter_top_0/U0/FIR1/FB[23].B/mul_intermediate/P[47:0] is not pipelined (PREG=0). Pipelining the DSP48 output will improve performance and often saves power so it is suggested whenever possible to fully pipeline this function.  If this DSP48 function was inferred, it is suggested to describe an additional register stage after this function.  If the DSP48 was instantiated in the design, it is suggested to set the PREG attribute to 1.
Related violations: <none>

DPOP-1#17 Warning
PREG Output pipelining  
DSP design_2_i/filter_top_0/U0/FIR1/FB[24].B/mul_intermediate output design_2_i/filter_top_0/U0/FIR1/FB[24].B/mul_intermediate/P[47:0] is not pipelined (PREG=0). Pipelining the DSP48 output will improve performance and often saves power so it is suggested whenever possible to fully pipeline this function.  If this DSP48 function was inferred, it is suggested to describe an additional register stage after this function.  If the DSP48 was instantiated in the design, it is suggested to set the PREG attribute to 1.
Related violations: <none>

DPOP-1#18 Warning
PREG Output pipelining  
DSP design_2_i/filter_top_0/U0/FIR1/FB[25].B/mul_intermediate output design_2_i/filter_top_0/U0/FIR1/FB[25].B/mul_intermediate/P[47:0] is not pipelined (PREG=0). Pipelining the DSP48 output will improve performance and often saves power so it is suggested whenever possible to fully pipeline this function.  If this DSP48 function was inferred, it is suggested to describe an additional register stage after this function.  If the DSP48 was instantiated in the design, it is suggested to set the PREG attribute to 1.
Related violations: <none>

DPOP-1#19 Warning
PREG Output pipelining  
DSP design_2_i/filter_top_0/U0/FIR1/FB[26].B/mul_intermediate output design_2_i/filter_top_0/U0/FIR1/FB[26].B/mul_intermediate/P[47:0] is not pipelined (PREG=0). Pipelining the DSP48 output will improve performance and often saves power so it is suggested whenever possible to fully pipeline this function.  If this DSP48 function was inferred, it is suggested to describe an additional register stage after this function.  If the DSP48 was instantiated in the design, it is suggested to set the PREG attribute to 1.
Related violations: <none>

DPOP-1#20 Warning
PREG Output pipelining  
DSP design_2_i/filter_top_0/U0/FIR1/FB[27].B/mul_intermediate output design_2_i/filter_top_0/U0/FIR1/FB[27].B/mul_intermediate/P[47:0] is not pipelined (PREG=0). Pipelining the DSP48 output will improve performance and often saves power so it is suggested whenever possible to fully pipeline this function.  If this DSP48 function was inferred, it is suggested to describe an additional register stage after this function.  If the DSP48 was instantiated in the design, it is suggested to set the PREG attribute to 1.
Related violations: <none>

DPOP-1#21 Warning
PREG Output pipelining  
DSP design_2_i/filter_top_0/U0/FIR1/FB[28].B/mul_intermediate output design_2_i/filter_top_0/U0/FIR1/FB[28].B/mul_intermediate/P[47:0] is not pipelined (PREG=0). Pipelining the DSP48 output will improve performance and often saves power so it is suggested whenever possible to fully pipeline this function.  If this DSP48 function was inferred, it is suggested to describe an additional register stage after this function.  If the DSP48 was instantiated in the design, it is suggested to set the PREG attribute to 1.
Related violations: <none>

DPOP-1#22 Warning
PREG Output pipelining  
DSP design_2_i/filter_top_0/U0/FIR1/FB[29].B/mul_intermediate output design_2_i/filter_top_0/U0/FIR1/FB[29].B/mul_intermediate/P[47:0] is not pipelined (PREG=0). Pipelining the DSP48 output will improve performance and often saves power so it is suggested whenever possible to fully pipeline this function.  If this DSP48 function was inferred, it is suggested to describe an additional register stage after this function.  If the DSP48 was instantiated in the design, it is suggested to set the PREG attribute to 1.
Related violations: <none>

DPOP-1#23 Warning
PREG Output pipelining  
DSP design_2_i/filter_top_0/U0/FIR1/FB[2].B/mul_intermediate output design_2_i/filter_top_0/U0/FIR1/FB[2].B/mul_intermediate/P[47:0] is not pipelined (PREG=0). Pipelining the DSP48 output will improve performance and often saves power so it is suggested whenever possible to fully pipeline this function.  If this DSP48 function was inferred, it is suggested to describe an additional register stage after this function.  If the DSP48 was instantiated in the design, it is suggested to set the PREG attribute to 1.
Related violations: <none>

DPOP-1#24 Warning
PREG Output pipelining  
DSP design_2_i/filter_top_0/U0/FIR1/FB[30].B/mul_intermediate output design_2_i/filter_top_0/U0/FIR1/FB[30].B/mul_intermediate/P[47:0] is not pipelined (PREG=0). Pipelining the DSP48 output will improve performance and often saves power so it is suggested whenever possible to fully pipeline this function.  If this DSP48 function was inferred, it is suggested to describe an additional register stage after this function.  If the DSP48 was instantiated in the design, it is suggested to set the PREG attribute to 1.
Related violations: <none>

DPOP-1#25 Warning
PREG Output pipelining  
DSP design_2_i/filter_top_0/U0/FIR1/FB[31].B/mul_intermediate output design_2_i/filter_top_0/U0/FIR1/FB[31].B/mul_intermediate/P[47:0] is not pipelined (PREG=0). Pipelining the DSP48 output will improve performance and often saves power so it is suggested whenever possible to fully pipeline this function.  If this DSP48 function was inferred, it is suggested to describe an additional register stage after this function.  If the DSP48 was instantiated in the design, it is suggested to set the PREG attribute to 1.
Related violations: <none>

DPOP-1#26 Warning
PREG Output pipelining  
DSP design_2_i/filter_top_0/U0/FIR1/FB[32].B/mul_intermediate output design_2_i/filter_top_0/U0/FIR1/FB[32].B/mul_intermediate/P[47:0] is not pipelined (PREG=0). Pipelining the DSP48 output will improve performance and often saves power so it is suggested whenever possible to fully pipeline this function.  If this DSP48 function was inferred, it is suggested to describe an additional register stage after this function.  If the DSP48 was instantiated in the design, it is suggested to set the PREG attribute to 1.
Related violations: <none>

DPOP-1#27 Warning
PREG Output pipelining  
DSP design_2_i/filter_top_0/U0/FIR1/FB[33].B/mul_intermediate output design_2_i/filter_top_0/U0/FIR1/FB[33].B/mul_intermediate/P[47:0] is not pipelined (PREG=0). Pipelining the DSP48 output will improve performance and often saves power so it is suggested whenever possible to fully pipeline this function.  If this DSP48 function was inferred, it is suggested to describe an additional register stage after this function.  If the DSP48 was instantiated in the design, it is suggested to set the PREG attribute to 1.
Related violations: <none>

DPOP-1#28 Warning
PREG Output pipelining  
DSP design_2_i/filter_top_0/U0/FIR1/FB[34].B/mul_intermediate output design_2_i/filter_top_0/U0/FIR1/FB[34].B/mul_intermediate/P[47:0] is not pipelined (PREG=0). Pipelining the DSP48 output will improve performance and often saves power so it is suggested whenever possible to fully pipeline this function.  If this DSP48 function was inferred, it is suggested to describe an additional register stage after this function.  If the DSP48 was instantiated in the design, it is suggested to set the PREG attribute to 1.
Related violations: <none>

DPOP-1#29 Warning
PREG Output pipelining  
DSP design_2_i/filter_top_0/U0/FIR1/FB[35].B/mul_intermediate output design_2_i/filter_top_0/U0/FIR1/FB[35].B/mul_intermediate/P[47:0] is not pipelined (PREG=0). Pipelining the DSP48 output will improve performance and often saves power so it is suggested whenever possible to fully pipeline this function.  If this DSP48 function was inferred, it is suggested to describe an additional register stage after this function.  If the DSP48 was instantiated in the design, it is suggested to set the PREG attribute to 1.
Related violations: <none>

DPOP-1#30 Warning
PREG Output pipelining  
DSP design_2_i/filter_top_0/U0/FIR1/FB[36].B/mul_intermediate output design_2_i/filter_top_0/U0/FIR1/FB[36].B/mul_intermediate/P[47:0] is not pipelined (PREG=0). Pipelining the DSP48 output will improve performance and often saves power so it is suggested whenever possible to fully pipeline this function.  If this DSP48 function was inferred, it is suggested to describe an additional register stage after this function.  If the DSP48 was instantiated in the design, it is suggested to set the PREG attribute to 1.
Related violations: <none>

DPOP-1#31 Warning
PREG Output pipelining  
DSP design_2_i/filter_top_0/U0/FIR1/FB[37].B/mul_intermediate output design_2_i/filter_top_0/U0/FIR1/FB[37].B/mul_intermediate/P[47:0] is not pipelined (PREG=0). Pipelining the DSP48 output will improve performance and often saves power so it is suggested whenever possible to fully pipeline this function.  If this DSP48 function was inferred, it is suggested to describe an additional register stage after this function.  If the DSP48 was instantiated in the design, it is suggested to set the PREG attribute to 1.
Related violations: <none>

DPOP-1#32 Warning
PREG Output pipelining  
DSP design_2_i/filter_top_0/U0/FIR1/FB[38].B/mul_intermediate output design_2_i/filter_top_0/U0/FIR1/FB[38].B/mul_intermediate/P[47:0] is not pipelined (PREG=0). Pipelining the DSP48 output will improve performance and often saves power so it is suggested whenever possible to fully pipeline this function.  If this DSP48 function was inferred, it is suggested to describe an additional register stage after this function.  If the DSP48 was instantiated in the design, it is suggested to set the PREG attribute to 1.
Related violations: <none>

DPOP-1#33 Warning
PREG Output pipelining  
DSP design_2_i/filter_top_0/U0/FIR1/FB[39].B/mul_intermediate output design_2_i/filter_top_0/U0/FIR1/FB[39].B/mul_intermediate/P[47:0] is not pipelined (PREG=0). Pipelining the DSP48 output will improve performance and often saves power so it is suggested whenever possible to fully pipeline this function.  If this DSP48 function was inferred, it is suggested to describe an additional register stage after this function.  If the DSP48 was instantiated in the design, it is suggested to set the PREG attribute to 1.
Related violations: <none>

DPOP-1#34 Warning
PREG Output pipelining  
DSP design_2_i/filter_top_0/U0/FIR1/FB[3].B/mul_intermediate output design_2_i/filter_top_0/U0/FIR1/FB[3].B/mul_intermediate/P[47:0] is not pipelined (PREG=0). Pipelining the DSP48 output will improve performance and often saves power so it is suggested whenever possible to fully pipeline this function.  If this DSP48 function was inferred, it is suggested to describe an additional register stage after this function.  If the DSP48 was instantiated in the design, it is suggested to set the PREG attribute to 1.
Related violations: <none>

DPOP-1#35 Warning
PREG Output pipelining  
DSP design_2_i/filter_top_0/U0/FIR1/FB[4].B/mul_intermediate output design_2_i/filter_top_0/U0/FIR1/FB[4].B/mul_intermediate/P[47:0] is not pipelined (PREG=0). Pipelining the DSP48 output will improve performance and often saves power so it is suggested whenever possible to fully pipeline this function.  If this DSP48 function was inferred, it is suggested to describe an additional register stage after this function.  If the DSP48 was instantiated in the design, it is suggested to set the PREG attribute to 1.
Related violations: <none>

DPOP-1#36 Warning
PREG Output pipelining  
DSP design_2_i/filter_top_0/U0/FIR1/FB[5].B/mul_intermediate output design_2_i/filter_top_0/U0/FIR1/FB[5].B/mul_intermediate/P[47:0] is not pipelined (PREG=0). Pipelining the DSP48 output will improve performance and often saves power so it is suggested whenever possible to fully pipeline this function.  If this DSP48 function was inferred, it is suggested to describe an additional register stage after this function.  If the DSP48 was instantiated in the design, it is suggested to set the PREG attribute to 1.
Related violations: <none>

DPOP-1#37 Warning
PREG Output pipelining  
DSP design_2_i/filter_top_0/U0/FIR1/FB[6].B/mul_intermediate output design_2_i/filter_top_0/U0/FIR1/FB[6].B/mul_intermediate/P[47:0] is not pipelined (PREG=0). Pipelining the DSP48 output will improve performance and often saves power so it is suggested whenever possible to fully pipeline this function.  If this DSP48 function was inferred, it is suggested to describe an additional register stage after this function.  If the DSP48 was instantiated in the design, it is suggested to set the PREG attribute to 1.
Related violations: <none>

DPOP-1#38 Warning
PREG Output pipelining  
DSP design_2_i/filter_top_0/U0/FIR1/FB[7].B/mul_intermediate output design_2_i/filter_top_0/U0/FIR1/FB[7].B/mul_intermediate/P[47:0] is not pipelined (PREG=0). Pipelining the DSP48 output will improve performance and often saves power so it is suggested whenever possible to fully pipeline this function.  If this DSP48 function was inferred, it is suggested to describe an additional register stage after this function.  If the DSP48 was instantiated in the design, it is suggested to set the PREG attribute to 1.
Related violations: <none>

DPOP-1#39 Warning
PREG Output pipelining  
DSP design_2_i/filter_top_0/U0/FIR1/FB[8].B/mul_intermediate output design_2_i/filter_top_0/U0/FIR1/FB[8].B/mul_intermediate/P[47:0] is not pipelined (PREG=0). Pipelining the DSP48 output will improve performance and often saves power so it is suggested whenever possible to fully pipeline this function.  If this DSP48 function was inferred, it is suggested to describe an additional register stage after this function.  If the DSP48 was instantiated in the design, it is suggested to set the PREG attribute to 1.
Related violations: <none>

DPOP-1#40 Warning
PREG Output pipelining  
DSP design_2_i/filter_top_0/U0/FIR1/FB[9].B/mul_intermediate output design_2_i/filter_top_0/U0/FIR1/FB[9].B/mul_intermediate/P[47:0] is not pipelined (PREG=0). Pipelining the DSP48 output will improve performance and often saves power so it is suggested whenever possible to fully pipeline this function.  If this DSP48 function was inferred, it is suggested to describe an additional register stage after this function.  If the DSP48 was instantiated in the design, it is suggested to set the PREG attribute to 1.
Related violations: <none>

DPOP-2#1 Warning
MREG Output pipelining  
DSP design_2_i/filter_top_0/U0/FIR1/FB[0].B/mul_intermediate multiplier stage design_2_i/filter_top_0/U0/FIR1/FB[0].B/mul_intermediate/P[47:0] is not pipelined (MREG=0). Pipelining the multiplier function will improve performance and will save significant power so it is suggested whenever possible to fully pipeline this function.  If this multiplier was inferred, it is suggested to describe an additional register stage after this function.  If there is no registered adder/accumulator following the multiply function, two pipeline stages are suggested to allow both the MREG and PREG registers to be used.  If the DSP48 was instantiated in the design, it is suggested to set both the MREG and PREG attributes to 1 when performing multiply functions.
Related violations: <none>

DPOP-2#2 Warning
MREG Output pipelining  
DSP design_2_i/filter_top_0/U0/FIR1/FB[10].B/mul_intermediate multiplier stage design_2_i/filter_top_0/U0/FIR1/FB[10].B/mul_intermediate/P[47:0] is not pipelined (MREG=0). Pipelining the multiplier function will improve performance and will save significant power so it is suggested whenever possible to fully pipeline this function.  If this multiplier was inferred, it is suggested to describe an additional register stage after this function.  If there is no registered adder/accumulator following the multiply function, two pipeline stages are suggested to allow both the MREG and PREG registers to be used.  If the DSP48 was instantiated in the design, it is suggested to set both the MREG and PREG attributes to 1 when performing multiply functions.
Related violations: <none>

DPOP-2#3 Warning
MREG Output pipelining  
DSP design_2_i/filter_top_0/U0/FIR1/FB[11].B/mul_intermediate multiplier stage design_2_i/filter_top_0/U0/FIR1/FB[11].B/mul_intermediate/P[47:0] is not pipelined (MREG=0). Pipelining the multiplier function will improve performance and will save significant power so it is suggested whenever possible to fully pipeline this function.  If this multiplier was inferred, it is suggested to describe an additional register stage after this function.  If there is no registered adder/accumulator following the multiply function, two pipeline stages are suggested to allow both the MREG and PREG registers to be used.  If the DSP48 was instantiated in the design, it is suggested to set both the MREG and PREG attributes to 1 when performing multiply functions.
Related violations: <none>

DPOP-2#4 Warning
MREG Output pipelining  
DSP design_2_i/filter_top_0/U0/FIR1/FB[12].B/mul_intermediate multiplier stage design_2_i/filter_top_0/U0/FIR1/FB[12].B/mul_intermediate/P[47:0] is not pipelined (MREG=0). Pipelining the multiplier function will improve performance and will save significant power so it is suggested whenever possible to fully pipeline this function.  If this multiplier was inferred, it is suggested to describe an additional register stage after this function.  If there is no registered adder/accumulator following the multiply function, two pipeline stages are suggested to allow both the MREG and PREG registers to be used.  If the DSP48 was instantiated in the design, it is suggested to set both the MREG and PREG attributes to 1 when performing multiply functions.
Related violations: <none>

DPOP-2#5 Warning
MREG Output pipelining  
DSP design_2_i/filter_top_0/U0/FIR1/FB[13].B/mul_intermediate multiplier stage design_2_i/filter_top_0/U0/FIR1/FB[13].B/mul_intermediate/P[47:0] is not pipelined (MREG=0). Pipelining the multiplier function will improve performance and will save significant power so it is suggested whenever possible to fully pipeline this function.  If this multiplier was inferred, it is suggested to describe an additional register stage after this function.  If there is no registered adder/accumulator following the multiply function, two pipeline stages are suggested to allow both the MREG and PREG registers to be used.  If the DSP48 was instantiated in the design, it is suggested to set both the MREG and PREG attributes to 1 when performing multiply functions.
Related violations: <none>

DPOP-2#6 Warning
MREG Output pipelining  
DSP design_2_i/filter_top_0/U0/FIR1/FB[14].B/mul_intermediate multiplier stage design_2_i/filter_top_0/U0/FIR1/FB[14].B/mul_intermediate/P[47:0] is not pipelined (MREG=0). Pipelining the multiplier function will improve performance and will save significant power so it is suggested whenever possible to fully pipeline this function.  If this multiplier was inferred, it is suggested to describe an additional register stage after this function.  If there is no registered adder/accumulator following the multiply function, two pipeline stages are suggested to allow both the MREG and PREG registers to be used.  If the DSP48 was instantiated in the design, it is suggested to set both the MREG and PREG attributes to 1 when performing multiply functions.
Related violations: <none>

DPOP-2#7 Warning
MREG Output pipelining  
DSP design_2_i/filter_top_0/U0/FIR1/FB[15].B/mul_intermediate multiplier stage design_2_i/filter_top_0/U0/FIR1/FB[15].B/mul_intermediate/P[47:0] is not pipelined (MREG=0). Pipelining the multiplier function will improve performance and will save significant power so it is suggested whenever possible to fully pipeline this function.  If this multiplier was inferred, it is suggested to describe an additional register stage after this function.  If there is no registered adder/accumulator following the multiply function, two pipeline stages are suggested to allow both the MREG and PREG registers to be used.  If the DSP48 was instantiated in the design, it is suggested to set both the MREG and PREG attributes to 1 when performing multiply functions.
Related violations: <none>

DPOP-2#8 Warning
MREG Output pipelining  
DSP design_2_i/filter_top_0/U0/FIR1/FB[16].B/mul_intermediate multiplier stage design_2_i/filter_top_0/U0/FIR1/FB[16].B/mul_intermediate/P[47:0] is not pipelined (MREG=0). Pipelining the multiplier function will improve performance and will save significant power so it is suggested whenever possible to fully pipeline this function.  If this multiplier was inferred, it is suggested to describe an additional register stage after this function.  If there is no registered adder/accumulator following the multiply function, two pipeline stages are suggested to allow both the MREG and PREG registers to be used.  If the DSP48 was instantiated in the design, it is suggested to set both the MREG and PREG attributes to 1 when performing multiply functions.
Related violations: <none>

DPOP-2#9 Warning
MREG Output pipelining  
DSP design_2_i/filter_top_0/U0/FIR1/FB[17].B/mul_intermediate multiplier stage design_2_i/filter_top_0/U0/FIR1/FB[17].B/mul_intermediate/P[47:0] is not pipelined (MREG=0). Pipelining the multiplier function will improve performance and will save significant power so it is suggested whenever possible to fully pipeline this function.  If this multiplier was inferred, it is suggested to describe an additional register stage after this function.  If there is no registered adder/accumulator following the multiply function, two pipeline stages are suggested to allow both the MREG and PREG registers to be used.  If the DSP48 was instantiated in the design, it is suggested to set both the MREG and PREG attributes to 1 when performing multiply functions.
Related violations: <none>

DPOP-2#10 Warning
MREG Output pipelining  
DSP design_2_i/filter_top_0/U0/FIR1/FB[18].B/mul_intermediate multiplier stage design_2_i/filter_top_0/U0/FIR1/FB[18].B/mul_intermediate/P[47:0] is not pipelined (MREG=0). Pipelining the multiplier function will improve performance and will save significant power so it is suggested whenever possible to fully pipeline this function.  If this multiplier was inferred, it is suggested to describe an additional register stage after this function.  If there is no registered adder/accumulator following the multiply function, two pipeline stages are suggested to allow both the MREG and PREG registers to be used.  If the DSP48 was instantiated in the design, it is suggested to set both the MREG and PREG attributes to 1 when performing multiply functions.
Related violations: <none>

DPOP-2#11 Warning
MREG Output pipelining  
DSP design_2_i/filter_top_0/U0/FIR1/FB[19].B/mul_intermediate multiplier stage design_2_i/filter_top_0/U0/FIR1/FB[19].B/mul_intermediate/P[47:0] is not pipelined (MREG=0). Pipelining the multiplier function will improve performance and will save significant power so it is suggested whenever possible to fully pipeline this function.  If this multiplier was inferred, it is suggested to describe an additional register stage after this function.  If there is no registered adder/accumulator following the multiply function, two pipeline stages are suggested to allow both the MREG and PREG registers to be used.  If the DSP48 was instantiated in the design, it is suggested to set both the MREG and PREG attributes to 1 when performing multiply functions.
Related violations: <none>

DPOP-2#12 Warning
MREG Output pipelining  
DSP design_2_i/filter_top_0/U0/FIR1/FB[1].B/mul_intermediate multiplier stage design_2_i/filter_top_0/U0/FIR1/FB[1].B/mul_intermediate/P[47:0] is not pipelined (MREG=0). Pipelining the multiplier function will improve performance and will save significant power so it is suggested whenever possible to fully pipeline this function.  If this multiplier was inferred, it is suggested to describe an additional register stage after this function.  If there is no registered adder/accumulator following the multiply function, two pipeline stages are suggested to allow both the MREG and PREG registers to be used.  If the DSP48 was instantiated in the design, it is suggested to set both the MREG and PREG attributes to 1 when performing multiply functions.
Related violations: <none>

DPOP-2#13 Warning
MREG Output pipelining  
DSP design_2_i/filter_top_0/U0/FIR1/FB[20].B/mul_intermediate multiplier stage design_2_i/filter_top_0/U0/FIR1/FB[20].B/mul_intermediate/P[47:0] is not pipelined (MREG=0). Pipelining the multiplier function will improve performance and will save significant power so it is suggested whenever possible to fully pipeline this function.  If this multiplier was inferred, it is suggested to describe an additional register stage after this function.  If there is no registered adder/accumulator following the multiply function, two pipeline stages are suggested to allow both the MREG and PREG registers to be used.  If the DSP48 was instantiated in the design, it is suggested to set both the MREG and PREG attributes to 1 when performing multiply functions.
Related violations: <none>

DPOP-2#14 Warning
MREG Output pipelining  
DSP design_2_i/filter_top_0/U0/FIR1/FB[21].B/mul_intermediate multiplier stage design_2_i/filter_top_0/U0/FIR1/FB[21].B/mul_intermediate/P[47:0] is not pipelined (MREG=0). Pipelining the multiplier function will improve performance and will save significant power so it is suggested whenever possible to fully pipeline this function.  If this multiplier was inferred, it is suggested to describe an additional register stage after this function.  If there is no registered adder/accumulator following the multiply function, two pipeline stages are suggested to allow both the MREG and PREG registers to be used.  If the DSP48 was instantiated in the design, it is suggested to set both the MREG and PREG attributes to 1 when performing multiply functions.
Related violations: <none>

DPOP-2#15 Warning
MREG Output pipelining  
DSP design_2_i/filter_top_0/U0/FIR1/FB[22].B/mul_intermediate multiplier stage design_2_i/filter_top_0/U0/FIR1/FB[22].B/mul_intermediate/P[47:0] is not pipelined (MREG=0). Pipelining the multiplier function will improve performance and will save significant power so it is suggested whenever possible to fully pipeline this function.  If this multiplier was inferred, it is suggested to describe an additional register stage after this function.  If there is no registered adder/accumulator following the multiply function, two pipeline stages are suggested to allow both the MREG and PREG registers to be used.  If the DSP48 was instantiated in the design, it is suggested to set both the MREG and PREG attributes to 1 when performing multiply functions.
Related violations: <none>

DPOP-2#16 Warning
MREG Output pipelining  
DSP design_2_i/filter_top_0/U0/FIR1/FB[23].B/mul_intermediate multiplier stage design_2_i/filter_top_0/U0/FIR1/FB[23].B/mul_intermediate/P[47:0] is not pipelined (MREG=0). Pipelining the multiplier function will improve performance and will save significant power so it is suggested whenever possible to fully pipeline this function.  If this multiplier was inferred, it is suggested to describe an additional register stage after this function.  If there is no registered adder/accumulator following the multiply function, two pipeline stages are suggested to allow both the MREG and PREG registers to be used.  If the DSP48 was instantiated in the design, it is suggested to set both the MREG and PREG attributes to 1 when performing multiply functions.
Related violations: <none>

DPOP-2#17 Warning
MREG Output pipelining  
DSP design_2_i/filter_top_0/U0/FIR1/FB[24].B/mul_intermediate multiplier stage design_2_i/filter_top_0/U0/FIR1/FB[24].B/mul_intermediate/P[47:0] is not pipelined (MREG=0). Pipelining the multiplier function will improve performance and will save significant power so it is suggested whenever possible to fully pipeline this function.  If this multiplier was inferred, it is suggested to describe an additional register stage after this function.  If there is no registered adder/accumulator following the multiply function, two pipeline stages are suggested to allow both the MREG and PREG registers to be used.  If the DSP48 was instantiated in the design, it is suggested to set both the MREG and PREG attributes to 1 when performing multiply functions.
Related violations: <none>

DPOP-2#18 Warning
MREG Output pipelining  
DSP design_2_i/filter_top_0/U0/FIR1/FB[25].B/mul_intermediate multiplier stage design_2_i/filter_top_0/U0/FIR1/FB[25].B/mul_intermediate/P[47:0] is not pipelined (MREG=0). Pipelining the multiplier function will improve performance and will save significant power so it is suggested whenever possible to fully pipeline this function.  If this multiplier was inferred, it is suggested to describe an additional register stage after this function.  If there is no registered adder/accumulator following the multiply function, two pipeline stages are suggested to allow both the MREG and PREG registers to be used.  If the DSP48 was instantiated in the design, it is suggested to set both the MREG and PREG attributes to 1 when performing multiply functions.
Related violations: <none>

DPOP-2#19 Warning
MREG Output pipelining  
DSP design_2_i/filter_top_0/U0/FIR1/FB[26].B/mul_intermediate multiplier stage design_2_i/filter_top_0/U0/FIR1/FB[26].B/mul_intermediate/P[47:0] is not pipelined (MREG=0). Pipelining the multiplier function will improve performance and will save significant power so it is suggested whenever possible to fully pipeline this function.  If this multiplier was inferred, it is suggested to describe an additional register stage after this function.  If there is no registered adder/accumulator following the multiply function, two pipeline stages are suggested to allow both the MREG and PREG registers to be used.  If the DSP48 was instantiated in the design, it is suggested to set both the MREG and PREG attributes to 1 when performing multiply functions.
Related violations: <none>

DPOP-2#20 Warning
MREG Output pipelining  
DSP design_2_i/filter_top_0/U0/FIR1/FB[27].B/mul_intermediate multiplier stage design_2_i/filter_top_0/U0/FIR1/FB[27].B/mul_intermediate/P[47:0] is not pipelined (MREG=0). Pipelining the multiplier function will improve performance and will save significant power so it is suggested whenever possible to fully pipeline this function.  If this multiplier was inferred, it is suggested to describe an additional register stage after this function.  If there is no registered adder/accumulator following the multiply function, two pipeline stages are suggested to allow both the MREG and PREG registers to be used.  If the DSP48 was instantiated in the design, it is suggested to set both the MREG and PREG attributes to 1 when performing multiply functions.
Related violations: <none>

DPOP-2#21 Warning
MREG Output pipelining  
DSP design_2_i/filter_top_0/U0/FIR1/FB[28].B/mul_intermediate multiplier stage design_2_i/filter_top_0/U0/FIR1/FB[28].B/mul_intermediate/P[47:0] is not pipelined (MREG=0). Pipelining the multiplier function will improve performance and will save significant power so it is suggested whenever possible to fully pipeline this function.  If this multiplier was inferred, it is suggested to describe an additional register stage after this function.  If there is no registered adder/accumulator following the multiply function, two pipeline stages are suggested to allow both the MREG and PREG registers to be used.  If the DSP48 was instantiated in the design, it is suggested to set both the MREG and PREG attributes to 1 when performing multiply functions.
Related violations: <none>

DPOP-2#22 Warning
MREG Output pipelining  
DSP design_2_i/filter_top_0/U0/FIR1/FB[29].B/mul_intermediate multiplier stage design_2_i/filter_top_0/U0/FIR1/FB[29].B/mul_intermediate/P[47:0] is not pipelined (MREG=0). Pipelining the multiplier function will improve performance and will save significant power so it is suggested whenever possible to fully pipeline this function.  If this multiplier was inferred, it is suggested to describe an additional register stage after this function.  If there is no registered adder/accumulator following the multiply function, two pipeline stages are suggested to allow both the MREG and PREG registers to be used.  If the DSP48 was instantiated in the design, it is suggested to set both the MREG and PREG attributes to 1 when performing multiply functions.
Related violations: <none>

DPOP-2#23 Warning
MREG Output pipelining  
DSP design_2_i/filter_top_0/U0/FIR1/FB[2].B/mul_intermediate multiplier stage design_2_i/filter_top_0/U0/FIR1/FB[2].B/mul_intermediate/P[47:0] is not pipelined (MREG=0). Pipelining the multiplier function will improve performance and will save significant power so it is suggested whenever possible to fully pipeline this function.  If this multiplier was inferred, it is suggested to describe an additional register stage after this function.  If there is no registered adder/accumulator following the multiply function, two pipeline stages are suggested to allow both the MREG and PREG registers to be used.  If the DSP48 was instantiated in the design, it is suggested to set both the MREG and PREG attributes to 1 when performing multiply functions.
Related violations: <none>

DPOP-2#24 Warning
MREG Output pipelining  
DSP design_2_i/filter_top_0/U0/FIR1/FB[30].B/mul_intermediate multiplier stage design_2_i/filter_top_0/U0/FIR1/FB[30].B/mul_intermediate/P[47:0] is not pipelined (MREG=0). Pipelining the multiplier function will improve performance and will save significant power so it is suggested whenever possible to fully pipeline this function.  If this multiplier was inferred, it is suggested to describe an additional register stage after this function.  If there is no registered adder/accumulator following the multiply function, two pipeline stages are suggested to allow both the MREG and PREG registers to be used.  If the DSP48 was instantiated in the design, it is suggested to set both the MREG and PREG attributes to 1 when performing multiply functions.
Related violations: <none>

DPOP-2#25 Warning
MREG Output pipelining  
DSP design_2_i/filter_top_0/U0/FIR1/FB[31].B/mul_intermediate multiplier stage design_2_i/filter_top_0/U0/FIR1/FB[31].B/mul_intermediate/P[47:0] is not pipelined (MREG=0). Pipelining the multiplier function will improve performance and will save significant power so it is suggested whenever possible to fully pipeline this function.  If this multiplier was inferred, it is suggested to describe an additional register stage after this function.  If there is no registered adder/accumulator following the multiply function, two pipeline stages are suggested to allow both the MREG and PREG registers to be used.  If the DSP48 was instantiated in the design, it is suggested to set both the MREG and PREG attributes to 1 when performing multiply functions.
Related violations: <none>

DPOP-2#26 Warning
MREG Output pipelining  
DSP design_2_i/filter_top_0/U0/FIR1/FB[32].B/mul_intermediate multiplier stage design_2_i/filter_top_0/U0/FIR1/FB[32].B/mul_intermediate/P[47:0] is not pipelined (MREG=0). Pipelining the multiplier function will improve performance and will save significant power so it is suggested whenever possible to fully pipeline this function.  If this multiplier was inferred, it is suggested to describe an additional register stage after this function.  If there is no registered adder/accumulator following the multiply function, two pipeline stages are suggested to allow both the MREG and PREG registers to be used.  If the DSP48 was instantiated in the design, it is suggested to set both the MREG and PREG attributes to 1 when performing multiply functions.
Related violations: <none>

DPOP-2#27 Warning
MREG Output pipelining  
DSP design_2_i/filter_top_0/U0/FIR1/FB[33].B/mul_intermediate multiplier stage design_2_i/filter_top_0/U0/FIR1/FB[33].B/mul_intermediate/P[47:0] is not pipelined (MREG=0). Pipelining the multiplier function will improve performance and will save significant power so it is suggested whenever possible to fully pipeline this function.  If this multiplier was inferred, it is suggested to describe an additional register stage after this function.  If there is no registered adder/accumulator following the multiply function, two pipeline stages are suggested to allow both the MREG and PREG registers to be used.  If the DSP48 was instantiated in the design, it is suggested to set both the MREG and PREG attributes to 1 when performing multiply functions.
Related violations: <none>

DPOP-2#28 Warning
MREG Output pipelining  
DSP design_2_i/filter_top_0/U0/FIR1/FB[34].B/mul_intermediate multiplier stage design_2_i/filter_top_0/U0/FIR1/FB[34].B/mul_intermediate/P[47:0] is not pipelined (MREG=0). Pipelining the multiplier function will improve performance and will save significant power so it is suggested whenever possible to fully pipeline this function.  If this multiplier was inferred, it is suggested to describe an additional register stage after this function.  If there is no registered adder/accumulator following the multiply function, two pipeline stages are suggested to allow both the MREG and PREG registers to be used.  If the DSP48 was instantiated in the design, it is suggested to set both the MREG and PREG attributes to 1 when performing multiply functions.
Related violations: <none>

DPOP-2#29 Warning
MREG Output pipelining  
DSP design_2_i/filter_top_0/U0/FIR1/FB[35].B/mul_intermediate multiplier stage design_2_i/filter_top_0/U0/FIR1/FB[35].B/mul_intermediate/P[47:0] is not pipelined (MREG=0). Pipelining the multiplier function will improve performance and will save significant power so it is suggested whenever possible to fully pipeline this function.  If this multiplier was inferred, it is suggested to describe an additional register stage after this function.  If there is no registered adder/accumulator following the multiply function, two pipeline stages are suggested to allow both the MREG and PREG registers to be used.  If the DSP48 was instantiated in the design, it is suggested to set both the MREG and PREG attributes to 1 when performing multiply functions.
Related violations: <none>

DPOP-2#30 Warning
MREG Output pipelining  
DSP design_2_i/filter_top_0/U0/FIR1/FB[36].B/mul_intermediate multiplier stage design_2_i/filter_top_0/U0/FIR1/FB[36].B/mul_intermediate/P[47:0] is not pipelined (MREG=0). Pipelining the multiplier function will improve performance and will save significant power so it is suggested whenever possible to fully pipeline this function.  If this multiplier was inferred, it is suggested to describe an additional register stage after this function.  If there is no registered adder/accumulator following the multiply function, two pipeline stages are suggested to allow both the MREG and PREG registers to be used.  If the DSP48 was instantiated in the design, it is suggested to set both the MREG and PREG attributes to 1 when performing multiply functions.
Related violations: <none>

DPOP-2#31 Warning
MREG Output pipelining  
DSP design_2_i/filter_top_0/U0/FIR1/FB[37].B/mul_intermediate multiplier stage design_2_i/filter_top_0/U0/FIR1/FB[37].B/mul_intermediate/P[47:0] is not pipelined (MREG=0). Pipelining the multiplier function will improve performance and will save significant power so it is suggested whenever possible to fully pipeline this function.  If this multiplier was inferred, it is suggested to describe an additional register stage after this function.  If there is no registered adder/accumulator following the multiply function, two pipeline stages are suggested to allow both the MREG and PREG registers to be used.  If the DSP48 was instantiated in the design, it is suggested to set both the MREG and PREG attributes to 1 when performing multiply functions.
Related violations: <none>

DPOP-2#32 Warning
MREG Output pipelining  
DSP design_2_i/filter_top_0/U0/FIR1/FB[38].B/mul_intermediate multiplier stage design_2_i/filter_top_0/U0/FIR1/FB[38].B/mul_intermediate/P[47:0] is not pipelined (MREG=0). Pipelining the multiplier function will improve performance and will save significant power so it is suggested whenever possible to fully pipeline this function.  If this multiplier was inferred, it is suggested to describe an additional register stage after this function.  If there is no registered adder/accumulator following the multiply function, two pipeline stages are suggested to allow both the MREG and PREG registers to be used.  If the DSP48 was instantiated in the design, it is suggested to set both the MREG and PREG attributes to 1 when performing multiply functions.
Related violations: <none>

DPOP-2#33 Warning
MREG Output pipelining  
DSP design_2_i/filter_top_0/U0/FIR1/FB[39].B/mul_intermediate multiplier stage design_2_i/filter_top_0/U0/FIR1/FB[39].B/mul_intermediate/P[47:0] is not pipelined (MREG=0). Pipelining the multiplier function will improve performance and will save significant power so it is suggested whenever possible to fully pipeline this function.  If this multiplier was inferred, it is suggested to describe an additional register stage after this function.  If there is no registered adder/accumulator following the multiply function, two pipeline stages are suggested to allow both the MREG and PREG registers to be used.  If the DSP48 was instantiated in the design, it is suggested to set both the MREG and PREG attributes to 1 when performing multiply functions.
Related violations: <none>

DPOP-2#34 Warning
MREG Output pipelining  
DSP design_2_i/filter_top_0/U0/FIR1/FB[3].B/mul_intermediate multiplier stage design_2_i/filter_top_0/U0/FIR1/FB[3].B/mul_intermediate/P[47:0] is not pipelined (MREG=0). Pipelining the multiplier function will improve performance and will save significant power so it is suggested whenever possible to fully pipeline this function.  If this multiplier was inferred, it is suggested to describe an additional register stage after this function.  If there is no registered adder/accumulator following the multiply function, two pipeline stages are suggested to allow both the MREG and PREG registers to be used.  If the DSP48 was instantiated in the design, it is suggested to set both the MREG and PREG attributes to 1 when performing multiply functions.
Related violations: <none>

DPOP-2#35 Warning
MREG Output pipelining  
DSP design_2_i/filter_top_0/U0/FIR1/FB[4].B/mul_intermediate multiplier stage design_2_i/filter_top_0/U0/FIR1/FB[4].B/mul_intermediate/P[47:0] is not pipelined (MREG=0). Pipelining the multiplier function will improve performance and will save significant power so it is suggested whenever possible to fully pipeline this function.  If this multiplier was inferred, it is suggested to describe an additional register stage after this function.  If there is no registered adder/accumulator following the multiply function, two pipeline stages are suggested to allow both the MREG and PREG registers to be used.  If the DSP48 was instantiated in the design, it is suggested to set both the MREG and PREG attributes to 1 when performing multiply functions.
Related violations: <none>

DPOP-2#36 Warning
MREG Output pipelining  
DSP design_2_i/filter_top_0/U0/FIR1/FB[5].B/mul_intermediate multiplier stage design_2_i/filter_top_0/U0/FIR1/FB[5].B/mul_intermediate/P[47:0] is not pipelined (MREG=0). Pipelining the multiplier function will improve performance and will save significant power so it is suggested whenever possible to fully pipeline this function.  If this multiplier was inferred, it is suggested to describe an additional register stage after this function.  If there is no registered adder/accumulator following the multiply function, two pipeline stages are suggested to allow both the MREG and PREG registers to be used.  If the DSP48 was instantiated in the design, it is suggested to set both the MREG and PREG attributes to 1 when performing multiply functions.
Related violations: <none>

DPOP-2#37 Warning
MREG Output pipelining  
DSP design_2_i/filter_top_0/U0/FIR1/FB[6].B/mul_intermediate multiplier stage design_2_i/filter_top_0/U0/FIR1/FB[6].B/mul_intermediate/P[47:0] is not pipelined (MREG=0). Pipelining the multiplier function will improve performance and will save significant power so it is suggested whenever possible to fully pipeline this function.  If this multiplier was inferred, it is suggested to describe an additional register stage after this function.  If there is no registered adder/accumulator following the multiply function, two pipeline stages are suggested to allow both the MREG and PREG registers to be used.  If the DSP48 was instantiated in the design, it is suggested to set both the MREG and PREG attributes to 1 when performing multiply functions.
Related violations: <none>

DPOP-2#38 Warning
MREG Output pipelining  
DSP design_2_i/filter_top_0/U0/FIR1/FB[7].B/mul_intermediate multiplier stage design_2_i/filter_top_0/U0/FIR1/FB[7].B/mul_intermediate/P[47:0] is not pipelined (MREG=0). Pipelining the multiplier function will improve performance and will save significant power so it is suggested whenever possible to fully pipeline this function.  If this multiplier was inferred, it is suggested to describe an additional register stage after this function.  If there is no registered adder/accumulator following the multiply function, two pipeline stages are suggested to allow both the MREG and PREG registers to be used.  If the DSP48 was instantiated in the design, it is suggested to set both the MREG and PREG attributes to 1 when performing multiply functions.
Related violations: <none>

DPOP-2#39 Warning
MREG Output pipelining  
DSP design_2_i/filter_top_0/U0/FIR1/FB[8].B/mul_intermediate multiplier stage design_2_i/filter_top_0/U0/FIR1/FB[8].B/mul_intermediate/P[47:0] is not pipelined (MREG=0). Pipelining the multiplier function will improve performance and will save significant power so it is suggested whenever possible to fully pipeline this function.  If this multiplier was inferred, it is suggested to describe an additional register stage after this function.  If there is no registered adder/accumulator following the multiply function, two pipeline stages are suggested to allow both the MREG and PREG registers to be used.  If the DSP48 was instantiated in the design, it is suggested to set both the MREG and PREG attributes to 1 when performing multiply functions.
Related violations: <none>

DPOP-2#40 Warning
MREG Output pipelining  
DSP design_2_i/filter_top_0/U0/FIR1/FB[9].B/mul_intermediate multiplier stage design_2_i/filter_top_0/U0/FIR1/FB[9].B/mul_intermediate/P[47:0] is not pipelined (MREG=0). Pipelining the multiplier function will improve performance and will save significant power so it is suggested whenever possible to fully pipeline this function.  If this multiplier was inferred, it is suggested to describe an additional register stage after this function.  If there is no registered adder/accumulator following the multiply function, two pipeline stages are suggested to allow both the MREG and PREG registers to be used.  If the DSP48 was instantiated in the design, it is suggested to set both the MREG and PREG attributes to 1 when performing multiply functions.
Related violations: <none>

ZPS7-1#1 Warning
PS7 block required  
The PS7 cell must be used in this Zynq design in order to enable correct default configuration.
Related violations: <none>


