02:55:19 INFO  : Registering command handlers for SDK TCF services
02:55:20 INFO  : Launching XSCT server: xsct.bat -interactive C:\cosas\eseca_M2\SoC\SoC_project\FIR_filter_reloadable\FIR_reloadable_AXI\temp_xsdb_launch_script.tcl
02:55:32 INFO  : XSCT server has started successfully.
02:55:39 INFO  : Processing command line option -hwspec C:/cosas/eseca_M2/SoC/SoC_project/FIR_filter_reloadable/FIR_reloadable_AXI.
02:55:39 INFO  : Successfully done setting XSCT server connection channel  
02:55:40 INFO  : Successfully done setting SDK workspace  
02:55:40 ERROR : Error occurred while creating hardware platform FIR_reloadable_AXI_hw_platform_0 from sysdef
java.io.FileNotFoundException: C:\cosas\eseca_M2\SoC\SoC_project\FIR_filter_reloadable\FIR_reloadable_AXI (Access is denied)
	at java.io.FileInputStream.open0(Native Method)
	at java.io.FileInputStream.open(FileInputStream.java:195)
	at java.io.FileInputStream.<init>(FileInputStream.java:138)
	at java.io.FileInputStream.<init>(FileInputStream.java:93)
	at com.xilinx.sdk.hw.internal.HwProjectCreator.createHwProjectFromZip(HwProjectCreator.java:100)
	at com.xilinx.sdk.hw.HwProjectUtil.internalCreate(HwProjectUtil.java:266)
	at com.xilinx.sdk.hw.HwProjectUtil.makeNewHardwareProject(HwProjectUtil.java:210)
	at com.xilinx.sdk.hw.HwProjectUtil.makeNewHardwareProject(HwProjectUtil.java:197)
	at com.xilinx.sdk.hw.HwProjectUtil.makeNewHardwareProject(HwProjectUtil.java:171)
	at com.xilinx.sdk.startup.InitSDK.processHwSpecArgumentTask(InitSDK.java:515)
	at com.xilinx.sdk.startup.InitSDK.access$8(InitSDK.java:497)
	at com.xilinx.sdk.startup.InitSDK$12.run(InitSDK.java:448)
	at org.eclipse.core.internal.jobs.Worker.run(Worker.java:55)
02:55:40 ERROR : Unable to create Hardware Specification Project with specification file: C:/cosas/eseca_M2/SoC/SoC_project/FIR_filter_reloadable/FIR_reloadable_AXI
03:03:35 ERROR : Failed to openhw "C:/cosas/eseca_M2/SoC/SoC_project/FIR_filter_reloadable/FIR_reloadable_AXI _copy_2/FIR_reloadable_AXI.sdk/design_1_wrapper_hw_platform_0/system.hdf"
Reason: wrong # args: should be "openhw <hw-proj | hdf-file>"
03:03:42 ERROR : Failed to openhw "C:/cosas/eseca_M2/SoC/SoC_project/FIR_filter_reloadable/FIR_reloadable_AXI _copy_2/FIR_reloadable_AXI.sdk/design_1_wrapper_hw_platform_0/system.hdf"
Reason: wrong # args: should be "openhw <hw-proj | hdf-file>"
03:07:59 INFO  : Registering command handlers for SDK TCF services
03:08:03 INFO  : Launching XSCT server: xsct.bat -interactive C:\cosas\eseca_M2\SoC\SoC_project\FIR_filter_reloadable\FIR_reloadable_AXI\temp_xsdb_launch_script.tcl
03:08:08 INFO  : XSCT server has started successfully.
03:08:09 INFO  : Processing command line option -hwspec C:/cosas/eseca_M2/SoC/SoC_project/FIR_filter_reloadable/FIR_reloadable_AXI.
03:08:09 INFO  : Successfully done setting XSCT server connection channel  
03:08:09 INFO  : Successfully done setting SDK workspace  
03:08:09 ERROR : Failed to openhw "C:/cosas/eseca_M2/SoC/SoC_project/FIR_filter_reloadable/FIR_reloadable_AXI _copy_2/FIR_reloadable_AXI.sdk/design_1_wrapper_hw_platform_0/system.hdf"
Reason: wrong # args: should be "openhw <hw-proj | hdf-file>"
03:08:09 ERROR : Failed to openhw "C:/cosas/eseca_M2/SoC/SoC_project/FIR_filter_reloadable/FIR_reloadable_AXI _copy_2/FIR_reloadable_AXI.sdk/design_1_wrapper_hw_platform_0/system.hdf"
Reason: wrong # args: should be "openhw <hw-proj | hdf-file>"
03:08:09 ERROR : Failed to openhw "C:/cosas/eseca_M2/SoC/SoC_project/FIR_filter_reloadable/FIR_reloadable_AXI _copy_2/FIR_reloadable_AXI.sdk/design_1_wrapper_hw_platform_0/system.hdf"
Reason: wrong # args: should be "openhw <hw-proj | hdf-file>"
03:08:09 ERROR : Error occurred while creating hardware platform FIR_reloadable_AXI_hw_platform_1 from sysdef
java.io.FileNotFoundException: C:\cosas\eseca_M2\SoC\SoC_project\FIR_filter_reloadable\FIR_reloadable_AXI (Access is denied)
	at java.io.FileInputStream.open0(Native Method)
	at java.io.FileInputStream.open(FileInputStream.java:195)
	at java.io.FileInputStream.<init>(FileInputStream.java:138)
	at java.io.FileInputStream.<init>(FileInputStream.java:93)
	at com.xilinx.sdk.hw.internal.HwProjectCreator.createHwProjectFromZip(HwProjectCreator.java:100)
	at com.xilinx.sdk.hw.HwProjectUtil.internalCreate(HwProjectUtil.java:266)
	at com.xilinx.sdk.hw.HwProjectUtil.makeNewHardwareProject(HwProjectUtil.java:210)
	at com.xilinx.sdk.hw.HwProjectUtil.makeNewHardwareProject(HwProjectUtil.java:197)
	at com.xilinx.sdk.hw.HwProjectUtil.makeNewHardwareProject(HwProjectUtil.java:171)
	at com.xilinx.sdk.startup.InitSDK.processHwSpecArgumentTask(InitSDK.java:515)
	at com.xilinx.sdk.startup.InitSDK.access$8(InitSDK.java:497)
	at com.xilinx.sdk.startup.InitSDK$12.run(InitSDK.java:448)
	at org.eclipse.core.internal.jobs.Worker.run(Worker.java:55)
03:08:09 ERROR : Unable to create Hardware Specification Project with specification file: C:/cosas/eseca_M2/SoC/SoC_project/FIR_filter_reloadable/FIR_reloadable_AXI
03:11:16 INFO  : Registering command handlers for SDK TCF services
03:11:18 INFO  : Launching XSCT server: xsct.bat -interactive C:\cosas\eseca_M2\SoC\SoC_project\FIR_filter_reloadable\FIR_reloadable_AXI\temp_xsdb_launch_script.tcl
03:11:23 INFO  : XSCT server has started successfully.
03:11:24 INFO  : Processing command line option -hwspec C:/cosas/eseca_M2/SoC/SoC_project/FIR_filter_reloadable/FIR_reloadable_AXI.
03:11:24 INFO  : Successfully done setting XSCT server connection channel  
03:11:25 ERROR : Failed to openhw "C:/cosas/eseca_M2/SoC/SoC_project/FIR_filter_reloadable/FIR_reloadable_AXI _copy_2/FIR_reloadable_AXI.sdk/design_1_wrapper_hw_platform_0/system.hdf"
Reason: wrong # args: should be "openhw <hw-proj | hdf-file>"
03:11:25 ERROR : Failed to openhw "C:/cosas/eseca_M2/SoC/SoC_project/FIR_filter_reloadable/FIR_reloadable_AXI _copy_2/FIR_reloadable_AXI.sdk/design_1_wrapper_hw_platform_0/system.hdf"
Reason: wrong # args: should be "openhw <hw-proj | hdf-file>"
03:11:25 INFO  : Successfully done setting SDK workspace  
03:11:25 ERROR : Failed to openhw "C:/cosas/eseca_M2/SoC/SoC_project/FIR_filter_reloadable/FIR_reloadable_AXI _copy_2/FIR_reloadable_AXI.sdk/design_1_wrapper_hw_platform_0/system.hdf"
Reason: wrong # args: should be "openhw <hw-proj | hdf-file>"
03:11:25 ERROR : Error occurred while creating hardware platform FIR_reloadable_AXI_hw_platform_2 from sysdef
java.io.FileNotFoundException: C:\cosas\eseca_M2\SoC\SoC_project\FIR_filter_reloadable\FIR_reloadable_AXI (Access is denied)
	at java.io.FileInputStream.open0(Native Method)
	at java.io.FileInputStream.open(FileInputStream.java:195)
	at java.io.FileInputStream.<init>(FileInputStream.java:138)
	at java.io.FileInputStream.<init>(FileInputStream.java:93)
	at com.xilinx.sdk.hw.internal.HwProjectCreator.createHwProjectFromZip(HwProjectCreator.java:100)
	at com.xilinx.sdk.hw.HwProjectUtil.internalCreate(HwProjectUtil.java:266)
	at com.xilinx.sdk.hw.HwProjectUtil.makeNewHardwareProject(HwProjectUtil.java:210)
	at com.xilinx.sdk.hw.HwProjectUtil.makeNewHardwareProject(HwProjectUtil.java:197)
	at com.xilinx.sdk.hw.HwProjectUtil.makeNewHardwareProject(HwProjectUtil.java:171)
	at com.xilinx.sdk.startup.InitSDK.processHwSpecArgumentTask(InitSDK.java:515)
	at com.xilinx.sdk.startup.InitSDK.access$8(InitSDK.java:497)
	at com.xilinx.sdk.startup.InitSDK$12.run(InitSDK.java:448)
	at org.eclipse.core.internal.jobs.Worker.run(Worker.java:55)
03:11:25 ERROR : Unable to create Hardware Specification Project with specification file: C:/cosas/eseca_M2/SoC/SoC_project/FIR_filter_reloadable/FIR_reloadable_AXI
03:16:31 INFO  : Registering command handlers for SDK TCF services
03:16:34 INFO  : Launching XSCT server: xsct.bat -interactive C:\cosas\eseca_M2\SoC\SoC_project\FIR_filter_reloadable\FIR_reloadable_AXI\temp_xsdb_launch_script.tcl
03:16:38 INFO  : XSCT server has started successfully.
03:16:38 INFO  : Processing command line option -hwspec C:/cosas/eseca_M2/SoC/SoC_project/FIR_filter_reloadable/FIR_reloadable_AXI.
03:16:38 INFO  : Successfully done setting XSCT server connection channel  
03:16:38 INFO  : Successfully done setting SDK workspace  
03:16:38 ERROR : Failed to openhw "C:/cosas/eseca_M2/SoC/SoC_project/FIR_filter_reloadable/FIR_reloadable_AXI _copy_2/FIR_reloadable_AXI.sdk/design_1_wrapper_hw_platform_0/system.hdf"
Reason: wrong # args: should be "openhw <hw-proj | hdf-file>"
03:16:38 ERROR : Failed to openhw "C:/cosas/eseca_M2/SoC/SoC_project/FIR_filter_reloadable/FIR_reloadable_AXI _copy_2/FIR_reloadable_AXI.sdk/design_1_wrapper_hw_platform_0/system.hdf"
Reason: wrong # args: should be "openhw <hw-proj | hdf-file>"
03:16:38 ERROR : Failed to openhw "C:/cosas/eseca_M2/SoC/SoC_project/FIR_filter_reloadable/FIR_reloadable_AXI _copy_2/FIR_reloadable_AXI.sdk/design_1_wrapper_hw_platform_0/system.hdf"
Reason: wrong # args: should be "openhw <hw-proj | hdf-file>"
03:16:38 ERROR : Error occurred while creating hardware platform FIR_reloadable_AXI_hw_platform_3 from sysdef
java.io.FileNotFoundException: C:\cosas\eseca_M2\SoC\SoC_project\FIR_filter_reloadable\FIR_reloadable_AXI (Access is denied)
	at java.io.FileInputStream.open0(Native Method)
	at java.io.FileInputStream.open(FileInputStream.java:195)
	at java.io.FileInputStream.<init>(FileInputStream.java:138)
	at java.io.FileInputStream.<init>(FileInputStream.java:93)
	at com.xilinx.sdk.hw.internal.HwProjectCreator.createHwProjectFromZip(HwProjectCreator.java:100)
	at com.xilinx.sdk.hw.HwProjectUtil.internalCreate(HwProjectUtil.java:266)
	at com.xilinx.sdk.hw.HwProjectUtil.makeNewHardwareProject(HwProjectUtil.java:210)
	at com.xilinx.sdk.hw.HwProjectUtil.makeNewHardwareProject(HwProjectUtil.java:197)
	at com.xilinx.sdk.hw.HwProjectUtil.makeNewHardwareProject(HwProjectUtil.java:171)
	at com.xilinx.sdk.startup.InitSDK.processHwSpecArgumentTask(InitSDK.java:515)
	at com.xilinx.sdk.startup.InitSDK.access$8(InitSDK.java:497)
	at com.xilinx.sdk.startup.InitSDK$12.run(InitSDK.java:448)
	at org.eclipse.core.internal.jobs.Worker.run(Worker.java:55)
03:16:38 ERROR : Unable to create Hardware Specification Project with specification file: C:/cosas/eseca_M2/SoC/SoC_project/FIR_filter_reloadable/FIR_reloadable_AXI
03:16:46 ERROR : Failed to openhw "C:/cosas/eseca_M2/SoC/SoC_project/FIR_filter_reloadable/FIR_reloadable_AXI _copy_2/FIR_reloadable_AXI.sdk/design_1_wrapper_hw_platform_0/system.hdf"
Reason: wrong # args: should be "openhw <hw-proj | hdf-file>"
03:16:54 ERROR : Failed to openhw "C:/cosas/eseca_M2/SoC/SoC_project/FIR_filter_reloadable/FIR_reloadable_AXI _copy_2/FIR_reloadable_AXI.sdk/design_1_wrapper_hw_platform_0/system.hdf"
Reason: wrong # args: should be "openhw <hw-proj | hdf-file>"
03:16:54 ERROR : Failed to openhw "C:/cosas/eseca_M2/SoC/SoC_project/FIR_filter_reloadable/FIR_reloadable_AXI _copy_2/FIR_reloadable_AXI.sdk/design_1_wrapper_hw_platform_0/system.hdf"
Reason: wrong # args: should be "openhw <hw-proj | hdf-file>"
03:16:59 ERROR : Failed to openhw "C:/cosas/eseca_M2/SoC/SoC_project/FIR_filter_reloadable/FIR_reloadable_AXI _copy_2/FIR_reloadable_AXI.sdk/design_1_wrapper_hw_platform_0/system.hdf"
Reason: wrong # args: should be "openhw <hw-proj | hdf-file>"
03:16:59 ERROR : Failed to openhw "C:/cosas/eseca_M2/SoC/SoC_project/FIR_filter_reloadable/FIR_reloadable_AXI _copy_2/FIR_reloadable_AXI.sdk/design_1_wrapper_hw_platform_0/system.hdf"
Reason: wrong # args: should be "openhw <hw-proj | hdf-file>"
03:16:59 ERROR : Failed to openhw "C:/cosas/eseca_M2/SoC/SoC_project/FIR_filter_reloadable/FIR_reloadable_AXI _copy_2/FIR_reloadable_AXI.sdk/design_1_wrapper_hw_platform_0/system.hdf"
Reason: wrong # args: should be "openhw <hw-proj | hdf-file>"
03:17:07 ERROR : Failed to openhw "C:/cosas/eseca_M2/SoC/SoC_project/FIR_filter_reloadable/FIR_reloadable_AXI _copy_2/FIR_reloadable_AXI.sdk/design_1_wrapper_hw_platform_0/system.hdf"
Reason: wrong # args: should be "openhw <hw-proj | hdf-file>"
03:17:07 ERROR : Failed to openhw "C:/cosas/eseca_M2/SoC/SoC_project/FIR_filter_reloadable/FIR_reloadable_AXI _copy_2/FIR_reloadable_AXI.sdk/design_1_wrapper_hw_platform_0/system.hdf"
Reason: wrong # args: should be "openhw <hw-proj | hdf-file>"
03:17:07 ERROR : Failed to openhw "C:/cosas/eseca_M2/SoC/SoC_project/FIR_filter_reloadable/FIR_reloadable_AXI _copy_2/FIR_reloadable_AXI.sdk/design_1_wrapper_hw_platform_0/system.hdf"
Reason: wrong # args: should be "openhw <hw-proj | hdf-file>"
