Copyright 1986-2019 Xilinx, Inc. All Rights Reserved.
------------------------------------------------------------------------------------
| Tool Version : Vivado v.2019.1 (win64) Build 2552052 Fri May 24 14:49:42 MDT 2019
| Date         : Sun Dec  6 17:07:18 2020
| Host         : DESKTOP-VJ7SO95 running 64-bit major release  (build 9200)
| Command      : upgrade_ip
| Device       : xc7a35tcpg236-1
------------------------------------------------------------------------------------

Upgrade Log for IP 'design_1_coef_bank_0_0'

1. Summary
----------

SUCCESS in the conversion of design_1_coef_bank_0_0 (xilinx.com:user:coef_bank:1.0 (Rev. 3)) to Vivado generation flows.






Copyright 1986-2019 Xilinx, Inc. All Rights Reserved.
------------------------------------------------------------------------------------
| Tool Version : Vivado v.2019.1 (win64) Build 2552052 Fri May 24 14:49:42 MDT 2019
| Date         : Sun Dec  6 16:58:43 2020
| Host         : DESKTOP-VJ7SO95 running 64-bit major release  (build 9200)
| Command      : upgrade_ip
| Device       : xc7a35tcpg236-1
------------------------------------------------------------------------------------

Upgrade Log for IP 'design_1_coef_bank_0_0'

1. Summary
----------

SUCCESS in the upgrade of design_1_coef_bank_0_0 (xilinx.com:user:coef_bank:1.0) from (Rev. 2) to (Rev. 3)

